<?xml version="1.0" encoding="UTF-8"?>
<testng-results ignored="0" total="1" passed="1" failed="0" skipped="0">
  <reporter-output>
  </reporter-output>
  <suite started-at="2023-09-13T11:19:53 IST" name="Default suite" finished-at="2023-09-13T11:20:01 IST" duration-ms="7605">
    <groups>
    </groups>
    <test started-at="2023-09-13T11:19:53 IST" name="Default test" finished-at="2023-09-13T11:20:01 IST" duration-ms="7605">
      <class name="testng_Practice.TestngDemo1">
        <test-method signature="demomethod()[pri:0, instance:testng_Practice.TestngDemo1@c8c12ac]" started-at="2023-09-13T11:19:53 IST" name="demomethod" finished-at="2023-09-13T11:20:01 IST" duration-ms="7496" status="PASS">
          <reporter-output>
          </reporter-output>
        </test-method> <!-- demomethod -->
      </class> <!-- testng_Practice.TestngDemo1 -->
    </test> <!-- Default test -->
  </suite> <!-- Default suite -->
</testng-results>
