<?xml version="1.0" encoding="UTF-8"?>
<testng-results ignored="0" total="2" passed="2" failed="0" skipped="0">
  <reporter-output>
  </reporter-output>
  <suite started-at="2023-10-10T17:02:33 IST" name="Default suite" finished-at="2023-10-10T17:03:22 IST" duration-ms="49216">
    <groups>
    </groups>
    <test started-at="2023-10-10T17:02:33 IST" name="Default test" finished-at="2023-10-10T17:03:22 IST" duration-ms="49216">
      <class name="testng_Practice.TestProcess">
        <test-method signature="login(java.lang.String,java.lang.String,java.lang.String,java.lang.String,java.lang.String,java.lang.String,java.lang.String,java.lang.String,java.lang.String,java.lang.String)[pri:0, instance:testng_Practice.TestProcess@6adbc9d]" started-at="2023-10-10T17:02:34 IST" name="login" data-provider="ProductAdd" finished-at="2023-10-10T17:02:59 IST" duration-ms="25346" status="PASS">
          <params>
            <param index="0">
              <value>
                <![CDATA[yzfr15]]>
              </value>
            </param>
            <param index="1">
              <value>
                <![CDATA[Yamaha R15 v3.0]]>
              </value>
            </param>
            <param index="2">
              <value>
                <![CDATA[155cc engine with LC]]>
              </value>
            </param>
            <param index="3">
              <value>
                <![CDATA[1135]]>
              </value>
            </param>
            <param index="4">
              <value>
                <![CDATA[725]]>
              </value>
            </param>
            <param index="5">
              <value>
                <![CDATA[725]]>
              </value>
            </param>
            <param index="6">
              <value>
                <![CDATA[METALLIC GREY]]>
              </value>
            </param>
            <param index="7">
              <value>
                <![CDATA[196500]]>
              </value>
            </param>
            <param index="8">
              <value>
                <![CDATA[215000]]>
              </value>
            </param>
            <param index="9">
              <value>
                <![CDATA[1]]>
              </value>
            </param>
          </params>
          <reporter-output>
          </reporter-output>
        </test-method> <!-- login -->
        <test-method signature="login(java.lang.String,java.lang.String,java.lang.String,java.lang.String,java.lang.String,java.lang.String,java.lang.String,java.lang.String,java.lang.String,java.lang.String)[pri:0, instance:testng_Practice.TestProcess@6adbc9d]" started-at="2023-10-10T17:02:59 IST" name="login" data-provider="ProductAdd" finished-at="2023-10-10T17:03:22 IST" duration-ms="22291" status="PASS">
          <params>
            <param index="0">
              <value>
                <![CDATA[s23]]>
              </value>
            </param>
            <param index="1">
              <value>
                <![CDATA[SamsungS23]]>
              </value>
            </param>
            <param index="2">
              <value>
                <![CDATA[100xzoom]]>
              </value>
            </param>
            <param index="3">
              <value>
                <![CDATA[6.8]]>
              </value>
            </param>
            <param index="4">
              <value>
                <![CDATA[3.5]]>
              </value>
            </param>
            <param index="5">
              <value>
                <![CDATA[2]]>
              </value>
            </param>
            <param index="6">
              <value>
                <![CDATA[White]]>
              </value>
            </param>
            <param index="7">
              <value>
                <![CDATA[125000]]>
              </value>
            </param>
            <param index="8">
              <value>
                <![CDATA[105000]]>
              </value>
            </param>
            <param index="9">
              <value>
                <![CDATA[1]]>
              </value>
            </param>
          </params>
          <reporter-output>
          </reporter-output>
        </test-method> <!-- login -->
      </class> <!-- testng_Practice.TestProcess -->
    </test> <!-- Default test -->
  </suite> <!-- Default suite -->
</testng-results>
